<?xml version="1.0" encoding="UTF-8" ?>
<testsuite failures="0" time="120.035" errors="0" skipped="0" tests="9" name="org.mitsi.mitsicore.MitsiCoreOracleTest">
  <properties>
[...]
</properties>
  <testcase time="114.827" classname="org.mitsi.mitsicore.MitsiCoreOracleTest" name="getIndexes"/>
  <testcase time="0.465" classname="org.mitsi.mitsicore.MitsiCoreOracleTest" name="getDetailsTable"/>
  <testcase time="0.184" classname="org.mitsi.mitsicore.MitsiCoreOracleTest" name="connectOnOtherSchema"/>
  <testcase time="0.087" classname="org.mitsi.mitsicore.MitsiCoreOracleTest" name="getAllSchema"/>
  <testcase time="1.472" classname="org.mitsi.mitsicore.MitsiCoreOracleTest" name="getDetailsSource"/>
  <testcase time="0.081" classname="org.mitsi.mitsicore.MitsiCoreOracleTest" name="getData"/>
  <testcase time="0.004" classname="org.mitsi.mitsicore.MitsiCoreOracleTest" name="DatasourceManagerTest"/>
  <testcase time="2.337" classname="org.mitsi.mitsicore.MitsiCoreOracleTest" name="getTables"/>
  <testcase time="0.578" classname="org.mitsi.mitsicore.MitsiCoreOracleTest" name="getConstraints"/>
</testsuite>